c:\users\1916226\desktop\project5\debug\vc141.pdb
c:\users\1916226\desktop\project5\debug\vc141.idb
c:\users\1916226\desktop\project5\debug\titlescene.obj
c:\users\1916226\desktop\project5\debug\vector2.obj
c:\users\1916226\desktop\project5\debug\scenemng.obj
c:\users\1916226\desktop\project5\debug\main.obj
c:\users\1916226\desktop\project5\debug\basescene.obj
c:\users\1916226\desktop\project5\debug\gamescene.obj
c:\users\1916226\desktop\project5\debug\obj.obj
c:\users\1916226\desktop\project5\debug\imagemng.obj
c:\users\1916226\desktop\project5\debug\_debugconout.obj
c:\users\1916226\desktop\project5\debug\project5.pdb
c:\users\1916226\desktop\project5\debug\project5.tlog\cl.command.1.tlog
c:\users\1916226\desktop\project5\debug\project5.tlog\cl.read.1.tlog
c:\users\1916226\desktop\project5\debug\project5.tlog\cl.write.1.tlog
c:\users\1916226\desktop\project5\debug\project5.tlog\link-cvtres.read.1.tlog
c:\users\1916226\desktop\project5\debug\project5.tlog\link-cvtres.write.1.tlog
c:\users\1916226\desktop\project5\debug\project5.tlog\link-rc.read.1.tlog
c:\users\1916226\desktop\project5\debug\project5.tlog\link-rc.write.1.tlog
c:\users\1916226\desktop\project5\debug\project5.tlog\link.command.1.tlog
c:\users\1916226\desktop\project5\debug\project5.tlog\link.read.1.tlog
c:\users\1916226\desktop\project5\debug\project5.tlog\link.write.1.tlog
